<?xml version="1.0" encoding="UTF-8"?>
<!-- Generated by org.testng.reporters.JUnitReportReporter -->
<testsuite hostname="LAPTOP-GB4VISUI" failures="0" tests="2" name="testng.AutomateWorktypeFunctionality" time="32.044" errors="0" timestamp="2024-06-23T16:14:57 IST" skipped="0">
  <testcase classname="testng.AutomateWorktypeFunctionality" name="createWorktype" time="14.522"/>
  <testcase classname="testng.AutomateWorktypeFunctionality" name="createeditWorktype" time="17.522"/>
</testsuite> <!-- testng.AutomateWorktypeFunctionality -->
