<?xml version="1.0" encoding="UTF-8"?>
<!-- Generated by org.testng.reporters.JUnitReportReporter -->
<testsuite hostname="LAPTOP-GB4VISUI" failures="0" tests="2" name="testngwithbaseclass.AutomateWorktypeFunctionality1" time="28.458" errors="0" timestamp="2024-06-23T16:19:46 IST" skipped="0">
  <testcase classname="testngwithbaseclass.AutomateWorktypeFunctionality1" name="createeditWorktype" time="15.198"/>
  <testcase classname="testngwithbaseclass.AutomateWorktypeFunctionality1" name="createWorktype" time="13.260"/>
</testsuite> <!-- testngwithbaseclass.AutomateWorktypeFunctionality1 -->
