<?xml version="1.0" encoding="UTF-8"?>
<!-- Generated by org.testng.reporters.JUnitReportReporter -->
<testsuite hostname="LAPTOP-GB4VISUI" failures="0" tests="3" name="org.testngwithbaseclass.AutomateWorktypeWithoutmandatoryfield" time="95.106" errors="0" timestamp="2024-06-29T13:07:48 IST" skipped="2">
  <testcase classname="org.testngwithbaseclass.AutomateWorktypeWithoutmandatoryfield" name="nonworktype" time="38.955">
    <skipped/>
  </testcase> <!-- nonworktype -->
  <testcase classname="org.testngwithbaseclass.AutomateWorktypeWithoutmandatoryfield" name="nonworktype" time="18.091"/>
  <testcase classname="org.testngwithbaseclass.AutomateWorktypeWithoutmandatoryfield" name="nonworktype" time="38.060">
    <skipped/>
  </testcase> <!-- nonworktype -->
</testsuite> <!-- org.testngwithbaseclass.AutomateWorktypeWithoutmandatoryfield -->
