<?xml version="1.0" encoding="UTF-8"?>
<!-- Generated by org.testng.reporters.JUnitReportReporter -->
<testsuite hostname="LAPTOP-GB4VISUI" failures="0" tests="1" name="testngwithbaseclass.AutomateWorktypeWithoutmandatoryfield" time="15.676" errors="0" timestamp="2024-06-23T14:39:28 IST" skipped="0">
  <testcase classname="testngwithbaseclass.AutomateWorktypeWithoutmandatoryfield" name="nonworktype" time="15.676"/>
</testsuite> <!-- testngwithbaseclass.AutomateWorktypeWithoutmandatoryfield -->
