<?xml version="1.0" encoding="UTF-8"?>
<!-- Generated by org.testng.reporters.JUnitReportReporter -->
<testsuite hostname="LAPTOP-GB4VISUI" failures="0" tests="2" name="testng.AutomateWorktypeFunctionality" time="35.282" errors="0" timestamp="2024-06-22T17:12:54 IST" skipped="0">
  <testcase classname="testng.AutomateWorktypeFunctionality" name="createWorktype" time="14.214"/>
  <testcase classname="testng.AutomateWorktypeFunctionality" name="createeditWorktype" time="21.068"/>
</testsuite> <!-- testng.AutomateWorktypeFunctionality -->
