<?xml version="1.0" encoding="UTF-8"?>
<!-- Generated by org.testng.reporters.JUnitReportReporter -->
<testsuite hostname="LAPTOP-GB4VISUI" failures="0" tests="1" name="testngwithbaseclass.Automateopportunityfunctionality" time="17.734" errors="0" timestamp="2024-06-23T15:13:09 IST" skipped="0">
  <testcase classname="testngwithbaseclass.Automateopportunityfunctionality" name="Createopportunity" time="17.734"/>
</testsuite> <!-- testngwithbaseclass.Automateopportunityfunctionality -->
